Determining if the pthread_create exist failed with the following output:
Change Dir: /home/adnanhd/swarm/src/hectorquad/build/CMakeFiles/CMakeTmp

Run Build Command:"/usr/bin/make" "cmTC_20240/fast"
/usr/bin/make -f CMakeFiles/cmTC_20240.dir/build.make CMakeFiles/cmTC_20240.dir/build
make[1]: Entering directory '/home/adnanhd/swarm/src/hectorquad/build/CMakeFiles/CMakeTmp'
Building C object CMakeFiles/cmTC_20240.dir/CheckSymbolExists.c.o
/usr/bin/cc    -o CMakeFiles/cmTC_20240.dir/CheckSymbolExists.c.o   -c /home/adnanhd/swarm/src/hectorquad/build/CMakeFiles/CMakeTmp/CheckSymbolExists.c
Linking C executable cmTC_20240
/usr/local/bin/cmake -E cmake_link_script CMakeFiles/cmTC_20240.dir/link.txt --verbose=1
/usr/bin/cc      -rdynamic CMakeFiles/cmTC_20240.dir/CheckSymbolExists.c.o  -o cmTC_20240 
CMakeFiles/cmTC_20240.dir/CheckSymbolExists.c.o: In function `main':
CheckSymbolExists.c:(.text+0x1b): undefined reference to `pthread_create'
collect2: error: ld returned 1 exit status
CMakeFiles/cmTC_20240.dir/build.make:86: recipe for target 'cmTC_20240' failed
make[1]: *** [cmTC_20240] Error 1
make[1]: Leaving directory '/home/adnanhd/swarm/src/hectorquad/build/CMakeFiles/CMakeTmp'
Makefile:121: recipe for target 'cmTC_20240/fast' failed
make: *** [cmTC_20240/fast] Error 2

File /home/adnanhd/swarm/src/hectorquad/build/CMakeFiles/CMakeTmp/CheckSymbolExists.c:
/* */
#include <pthread.h>

int main(int argc, char** argv)
{
  (void)argv;
#ifndef pthread_create
  return ((int*)(&pthread_create))[argc];
#else
  (void)argc;
  return 0;
#endif
}

Determining if the function pthread_create exists in the pthreads failed with the following output:
Change Dir: /home/adnanhd/swarm/src/hectorquad/build/CMakeFiles/CMakeTmp

Run Build Command:"/usr/bin/make" "cmTC_bbe88/fast"
/usr/bin/make -f CMakeFiles/cmTC_bbe88.dir/build.make CMakeFiles/cmTC_bbe88.dir/build
make[1]: Entering directory '/home/adnanhd/swarm/src/hectorquad/build/CMakeFiles/CMakeTmp'
Building C object CMakeFiles/cmTC_bbe88.dir/CheckFunctionExists.c.o
/usr/bin/cc   -DCHECK_FUNCTION_EXISTS=pthread_create   -o CMakeFiles/cmTC_bbe88.dir/CheckFunctionExists.c.o   -c /usr/local/share/cmake-3.12/Modules/CheckFunctionExists.c
Linking C executable cmTC_bbe88
/usr/local/bin/cmake -E cmake_link_script CMakeFiles/cmTC_bbe88.dir/link.txt --verbose=1
/usr/bin/cc  -DCHECK_FUNCTION_EXISTS=pthread_create    -rdynamic CMakeFiles/cmTC_bbe88.dir/CheckFunctionExists.c.o  -o cmTC_bbe88 -lpthreads 
/usr/bin/ld: cannot find -lpthreads
collect2: error: ld returned 1 exit status
CMakeFiles/cmTC_bbe88.dir/build.make:86: recipe for target 'cmTC_bbe88' failed
make[1]: *** [cmTC_bbe88] Error 1
make[1]: Leaving directory '/home/adnanhd/swarm/src/hectorquad/build/CMakeFiles/CMakeTmp'
Makefile:121: recipe for target 'cmTC_bbe88/fast' failed
make: *** [cmTC_bbe88/fast] Error 2


